# JRE version: OpenJDK Runtime Environment Temurin-21.0.8+9 (21.0.8+9) (build 21.0.8+9-LTS)
# Java VM: OpenJDK 64-Bit Server VM Temurin-21.0.8+9 (21.0.8+9-LTS, mixed mode, sharing, tiered, compressed oops, compressed class ptrs, parallel gc, windows-amd64)
GC Precious Log:
 CardTable entry size: 512
 CPUs: 16 total, 16 available
 Memory: 31894M
 Large Page Support: Disabled
 NUMA Support: Disabled
 Compressed Oops: Enabled (32-bit)
 Alignments: Space 512K, Generation 512K, Heap 2M
 Heap Min Capacity: 100M
 Heap Initial Capacity: 100M
 Heap Max Capacity: 2G
 Pre-touch: Disabled
 Parallel Workers: 13
Heap:
 PSYoungGen      total 8192K, used 6096K [0x00000000d5580000, 0x00000000d6680000, 0x0000000100000000)
  eden space 4608K, 58% used [0x00000000d5580000,0x00000000d5823cf8,0x00000000d5a00000)
  from space 3584K, 94% used [0x00000000d6300000,0x00000000d66506e0,0x00000000d6680000)
  to   space 5120K, 0% used [0x00000000d5c80000,0x00000000d5c80000,0x00000000d6180000)
 ParOldGen       total 587776K, used 587697K [0x0000000080000000, 0x00000000a3e00000, 0x00000000d5580000)
  object space 587776K, 99% used [0x0000000080000000,0x00000000a3dec768,0x00000000a3e00000)
 Metaspace       used 57491K, committed 58688K, reserved 1114112K
  class space    used 6217K, committed 6784K, reserved 1048576K
GC Heap History (20 events):
Event: 27.047 GC heap before
{Heap before GC invocations=671 (full 2):
 PSYoungGen      total 5632K, used 5504K [0x00000000d5580000, 0x00000000d5e80000, 0x0000000100000000)
  eden space 5120K, 100% used [0x00000000d5580000,0x00000000d5a80000,0x00000000d5a80000)
  from space 512K, 75% used [0x00000000d5e00000,0x00000000d5e600b0,0x00000000d5e80000)
  to   space 512K, 0% used [0x00000000d5d80000,0x00000000d5d80000,0x00000000d5e00000)
 ParOldGen       total 569856K, used 569502K [0x0000000080000000, 0x00000000a2c80000, 0x00000000d5580000)
  object space 569856K, 99% used [0x0000000080000000,0x00000000a2c27a10,0x00000000a2c80000)
 Metaspace       used 56807K, committed 57984K, reserved 1114112K
  class space    used 6132K, committed 6656K, reserved 1048576K
}
Event: 27.048 GC heap after
{Heap after GC invocations=671 (full 2):
 PSYoungGen      total 5632K, used 320K [0x00000000d5580000, 0x00000000d5e80000, 0x0000000100000000)
  eden space 5120K, 0% used [0x00000000d5580000,0x00000000d5580000,0x00000000d5a80000)
  from space 512K, 62% used [0x00000000d5d80000,0x00000000d5dd0000,0x00000000d5e00000)
  to   space 512K, 0% used [0x00000000d5e00000,0x00000000d5e00000,0x00000000d5e80000)
 ParOldGen       total 569856K, used 569670K [0x0000000080000000, 0x00000000a2c80000, 0x00000000d5580000)
  object space 569856K, 99% used [0x0000000080000000,0x00000000a2c51ac0,0x00000000a2c80000)
 Metaspace       used 56807K, committed 57984K, reserved 1114112K
  class space    used 6132K, committed 6656K, reserved 1048576K
}
Event: 27.050 GC heap before
{Heap before GC invocations=672 (full 2):
 PSYoungGen      total 5632K, used 5440K [0x00000000d5580000, 0x00000000d5e80000, 0x0000000100000000)
  eden space 5120K, 100% used [0x00000000d5580000,0x00000000d5a80000,0x00000000d5a80000)
  from space 512K, 62% used [0x00000000d5d80000,0x00000000d5dd0000,0x00000000d5e00000)
  to   space 512K, 0% used [0x00000000d5e00000,0x00000000d5e00000,0x00000000d5e80000)
 ParOldGen       total 569856K, used 569670K [0x0000000080000000, 0x00000000a2c80000, 0x00000000d5580000)
  object space 569856K, 99% used [0x0000000080000000,0x00000000a2c51ac0,0x00000000a2c80000)
 Metaspace       used 56807K, committed 57984K, reserved 1114112K
  class space    used 6132K, committed 6656K, reserved 1048576K
}
Event: 27.051 GC heap after
{Heap after GC invocations=672 (full 2):
 PSYoungGen      total 5632K, used 416K [0x00000000d5580000, 0x00000000d5e80000, 0x0000000100000000)
  eden space 5120K, 0% used [0x00000000d5580000,0x00000000d5580000,0x00000000d5a80000)
  from space 512K, 81% used [0x00000000d5e00000,0x00000000d5e68000,0x00000000d5e80000)
  to   space 512K, 0% used [0x00000000d5d80000,0x00000000d5d80000,0x00000000d5e00000)
 ParOldGen       total 569856K, used 569814K [0x0000000080000000, 0x00000000a2c80000, 0x00000000d5580000)
  object space 569856K, 99% used [0x0000000080000000,0x00000000a2c75ac0,0x00000000a2c80000)
 Metaspace       used 56807K, committed 57984K, reserved 1114112K
  class space    used 6132K, committed 6656K, reserved 1048576K
}
Event: 27.070 GC heap before
{Heap before GC invocations=673 (full 2):
 PSYoungGen      total 5632K, used 5536K [0x00000000d5580000, 0x00000000d5e80000, 0x0000000100000000)
  eden space 5120K, 100% used [0x00000000d5580000,0x00000000d5a80000,0x00000000d5a80000)
  from space 512K, 81% used [0x00000000d5e00000,0x00000000d5e68000,0x00000000d5e80000)
  to   space 512K, 0% used [0x00000000d5d80000,0x00000000d5d80000,0x00000000d5e00000)
 ParOldGen       total 569856K, used 569814K [0x0000000080000000, 0x00000000a2c80000, 0x00000000d5580000)
  object space 569856K, 99% used [0x0000000080000000,0x00000000a2c75ac0,0x00000000a2c80000)
 Metaspace       used 56819K, committed 57984K, reserved 1114112K
  class space    used 6132K, committed 6656K, reserved 1048576K
}
Event: 27.072 GC heap after
{Heap after GC invocations=673 (full 2):
 PSYoungGen      total 5632K, used 288K [0x00000000d5580000, 0x00000000d5e80000, 0x0000000100000000)
  eden space 5120K, 0% used [0x00000000d5580000,0x00000000d5580000,0x00000000d5a80000)
  from space 512K, 56% used [0x00000000d5d80000,0x00000000d5dc8000,0x00000000d5e00000)
  to   space 512K, 0% used [0x00000000d5e00000,0x00000000d5e00000,0x00000000d5e80000)
 ParOldGen       total 570368K, used 569942K [0x0000000080000000, 0x00000000a2d00000, 0x00000000d5580000)
  object space 570368K, 99% used [0x0000000080000000,0x00000000a2c95ac0,0x00000000a2d00000)
 Metaspace       used 56819K, committed 57984K, reserved 1114112K
  class space    used 6132K, committed 6656K, reserved 1048576K
}
Event: 27.134 GC heap before
{Heap before GC invocations=674 (full 2):
 PSYoungGen      total 5632K, used 5408K [0x00000000d5580000, 0x00000000d5e80000, 0x0000000100000000)
  eden space 5120K, 100% used [0x00000000d5580000,0x00000000d5a80000,0x00000000d5a80000)
  from space 512K, 56% used [0x00000000d5d80000,0x00000000d5dc8000,0x00000000d5e00000)
  to   space 512K, 0% used [0x00000000d5e00000,0x00000000d5e00000,0x00000000d5e80000)
 ParOldGen       total 570368K, used 569942K [0x0000000080000000, 0x00000000a2d00000, 0x00000000d5580000)
  object space 570368K, 99% used [0x0000000080000000,0x00000000a2c95ac0,0x00000000a2d00000)
 Metaspace       used 56932K, committed 58176K, reserved 1114112K
  class space    used 6141K, committed 6720K, reserved 1048576K
}
Event: 27.135 GC heap after
{Heap after GC invocations=674 (full 2):
 PSYoungGen      total 5632K, used 224K [0x00000000d5580000, 0x00000000d5e80000, 0x0000000100000000)
  eden space 5120K, 0% used [0x00000000d5580000,0x00000000d5580000,0x00000000d5a80000)
  from space 512K, 43% used [0x00000000d5e00000,0x00000000d5e38000,0x00000000d5e80000)
  to   space 512K, 0% used [0x00000000d5d80000,0x00000000d5d80000,0x00000000d5e00000)
 ParOldGen       total 570368K, used 570078K [0x0000000080000000, 0x00000000a2d00000, 0x00000000d5580000)
  object space 570368K, 99% used [0x0000000080000000,0x00000000a2cb7ac0,0x00000000a2d00000)
 Metaspace       used 56932K, committed 58176K, reserved 1114112K
  class space    used 6141K, committed 6720K, reserved 1048576K
}
Event: 27.150 GC heap before
{Heap before GC invocations=675 (full 2):
 PSYoungGen      total 5632K, used 5130K [0x00000000d5580000, 0x00000000d5e80000, 0x0000000100000000)
  eden space 5120K, 95% used [0x00000000d5580000,0x00000000d5a4aa20,0x00000000d5a80000)
  from space 512K, 43% used [0x00000000d5e00000,0x00000000d5e38000,0x00000000d5e80000)
  to   space 512K, 0% used [0x00000000d5d80000,0x00000000d5d80000,0x00000000d5e00000)
 ParOldGen       total 570368K, used 570078K [0x0000000080000000, 0x00000000a2d00000, 0x00000000d5580000)
  object space 570368K, 99% used [0x0000000080000000,0x00000000a2cb7ac0,0x00000000a2d00000)
 Metaspace       used 57206K, committed 58432K, reserved 1114112K
  class space    used 6174K, committed 6720K, reserved 1048576K
}
Event: 27.151 GC heap after
{Heap after GC invocations=675 (full 2):
 PSYoungGen      total 5632K, used 506K [0x00000000d5580000, 0x00000000d5f80000, 0x0000000100000000)
  eden space 5120K, 0% used [0x00000000d5580000,0x00000000d5580000,0x00000000d5a80000)
  from space 512K, 98% used [0x00000000d5d80000,0x00000000d5dfe900,0x00000000d5e00000)
  to   space 1536K, 0% used [0x00000000d5e00000,0x00000000d5e00000,0x00000000d5f80000)
 ParOldGen       total 571904K, used 571617K [0x0000000080000000, 0x00000000a2e80000, 0x00000000d5580000)
  object space 571904K, 99% used [0x0000000080000000,0x00000000a2e38580,0x00000000a2e80000)
 Metaspace       used 57206K, committed 58432K, reserved 1114112K
  class space    used 6174K, committed 6720K, reserved 1048576K
}
Event: 27.169 GC heap before
{Heap before GC invocations=676 (full 2):
 PSYoungGen      total 5632K, used 5475K [0x00000000d5580000, 0x00000000d5f80000, 0x0000000100000000)
  eden space 5120K, 97% used [0x00000000d5580000,0x00000000d5a5a5b0,0x00000000d5a80000)
  from space 512K, 98% used [0x00000000d5d80000,0x00000000d5dfe900,0x00000000d5e00000)
  to   space 1536K, 0% used [0x00000000d5e00000,0x00000000d5e00000,0x00000000d5f80000)
 ParOldGen       total 571904K, used 571617K [0x0000000080000000, 0x00000000a2e80000, 0x00000000d5580000)
  object space 571904K, 99% used [0x0000000080000000,0x00000000a2e38580,0x00000000a2e80000)
 Metaspace       used 57428K, committed 58624K, reserved 1114112K
  class space    used 6211K, committed 6784K, reserved 1048576K
}
Event: 27.170 GC heap after
{Heap after GC invocations=676 (full 2):
 PSYoungGen      total 6144K, used 1504K [0x00000000d5580000, 0x00000000d6280000, 0x0000000100000000)
  eden space 4608K, 0% used [0x00000000d5580000,0x00000000d5580000,0x00000000d5a00000)
  from space 1536K, 97% used [0x00000000d5e00000,0x00000000d5f78280,0x00000000d5f80000)
  to   space 4096K, 0% used [0x00000000d5a00000,0x00000000d5a00000,0x00000000d5e00000)
 ParOldGen       total 573952K, used 573618K [0x0000000080000000, 0x00000000a3080000, 0x00000000d5580000)
  object space 573952K, 99% used [0x0000000080000000,0x00000000a302cb40,0x00000000a3080000)
 Metaspace       used 57428K, committed 58624K, reserved 1114112K
  class space    used 6211K, committed 6784K, reserved 1048576K
}
Event: 27.175 GC heap before
{Heap before GC invocations=677 (full 2):
 PSYoungGen      total 6144K, used 6112K [0x00000000d5580000, 0x00000000d6280000, 0x0000000100000000)
  eden space 4608K, 100% used [0x00000000d5580000,0x00000000d5a00000,0x00000000d5a00000)
  from space 1536K, 97% used [0x00000000d5e00000,0x00000000d5f78280,0x00000000d5f80000)
  to   space 4096K, 0% used [0x00000000d5a00000,0x00000000d5a00000,0x00000000d5e00000)
 ParOldGen       total 573952K, used 573618K [0x0000000080000000, 0x00000000a3080000, 0x00000000d5580000)
  object space 573952K, 99% used [0x0000000080000000,0x00000000a302cb40,0x00000000a3080000)
 Metaspace       used 57428K, committed 58624K, reserved 1114112K
  class space    used 6211K, committed 6784K, reserved 1048576K
}
Event: 27.177 GC heap after
{Heap after GC invocations=677 (full 2):
 PSYoungGen      total 8704K, used 4094K [0x00000000d5580000, 0x00000000d6700000, 0x0000000100000000)
  eden space 4608K, 0% used [0x00000000d5580000,0x00000000d5580000,0x00000000d5a00000)
  from space 4096K, 99% used [0x00000000d5a00000,0x00000000d5dffb80,0x00000000d5e00000)
  to   space 6656K, 0% used [0x00000000d6080000,0x00000000d6080000,0x00000000d6700000)
 ParOldGen       total 576000K, used 575635K [0x0000000080000000, 0x00000000a3280000, 0x00000000d5580000)
  object space 576000K, 99% used [0x0000000080000000,0x00000000a3224dc0,0x00000000a3280000)
 Metaspace       used 57428K, committed 58624K, reserved 1114112K
  class space    used 6211K, committed 6784K, reserved 1048576K
}
Event: 27.202 GC heap before
{Heap before GC invocations=678 (full 2):
 PSYoungGen      total 8704K, used 8523K [0x00000000d5580000, 0x00000000d6700000, 0x0000000100000000)
  eden space 4608K, 96% used [0x00000000d5580000,0x00000000d59d3288,0x00000000d5a00000)
  from space 4096K, 99% used [0x00000000d5a00000,0x00000000d5dffb80,0x00000000d5e00000)
  to   space 6656K, 0% used [0x00000000d6080000,0x00000000d6080000,0x00000000d6700000)
 ParOldGen       total 576000K, used 575635K [0x0000000080000000, 0x00000000a3280000, 0x00000000d5580000)
  object space 576000K, 99% used [0x0000000080000000,0x00000000a3224dc0,0x00000000a3280000)
 Metaspace       used 57430K, committed 58624K, reserved 1114112K
  class space    used 6211K, committed 6784K, reserved 1048576K
}
Event: 27.206 GC heap after
{Heap after GC invocations=678 (full 2):
 PSYoungGen      total 8192K, used 3413K [0x00000000d5580000, 0x00000000d6400000, 0x0000000100000000)
  eden space 4608K, 0% used [0x00000000d5580000,0x00000000d5580000,0x00000000d5a00000)
  from space 3584K, 95% used [0x00000000d6080000,0x00000000d63d54b8,0x00000000d6400000)
  to   space 4608K, 0% used [0x00000000d5b00000,0x00000000d5b00000,0x00000000d5f80000)
 ParOldGen       total 580096K, used 579810K [0x0000000080000000, 0x00000000a3680000, 0x00000000d5580000)
  object space 580096K, 99% used [0x0000000080000000,0x00000000a3638940,0x00000000a3680000)
 Metaspace       used 57430K, committed 58624K, reserved 1114112K
  class space    used 6211K, committed 6784K, reserved 1048576K
}
Event: 27.212 GC heap before
{Heap before GC invocations=679 (full 2):
 PSYoungGen      total 8192K, used 8021K [0x00000000d5580000, 0x00000000d6400000, 0x0000000100000000)
  eden space 4608K, 100% used [0x00000000d5580000,0x00000000d5a00000,0x00000000d5a00000)
  from space 3584K, 95% used [0x00000000d6080000,0x00000000d63d54b8,0x00000000d6400000)
  to   space 4608K, 0% used [0x00000000d5b00000,0x00000000d5b00000,0x00000000d5f80000)
 ParOldGen       total 580096K, used 579810K [0x0000000080000000, 0x00000000a3680000, 0x00000000d5580000)
  object space 580096K, 99% used [0x0000000080000000,0x00000000a3638940,0x00000000a3680000)
 Metaspace       used 57430K, committed 58624K, reserved 1114112K
  class space    used 6211K, committed 6784K, reserved 1048576K
}
Event: 27.214 GC heap after
{Heap after GC invocations=679 (full 2):
 PSYoungGen      total 9216K, used 4597K [0x00000000d5580000, 0x00000000d6c00000, 0x0000000100000000)
  eden space 4608K, 0% used [0x00000000d5580000,0x00000000d5580000,0x00000000d5a00000)
  from space 4608K, 99% used [0x00000000d5b00000,0x00000000d5f7d4b8,0x00000000d5f80000)
  to   space 9216K, 0% used [0x00000000d6300000,0x00000000d6300000,0x00000000d6c00000)
 ParOldGen       total 583680K, used 583212K [0x0000000080000000, 0x00000000a3a00000, 0x00000000d5580000)
  object space 583680K, 99% used [0x0000000080000000,0x00000000a398b2b0,0x00000000a3a00000)
 Metaspace       used 57430K, committed 58624K, reserved 1114112K
  class space    used 6211K, committed 6784K, reserved 1048576K
}
Event: 27.250 GC heap before
{Heap before GC invocations=680 (full 2):
 PSYoungGen      total 9216K, used 9205K [0x00000000d5580000, 0x00000000d6c00000, 0x0000000100000000)
  eden space 4608K, 100% used [0x00000000d5580000,0x00000000d5a00000,0x00000000d5a00000)
  from space 4608K, 99% used [0x00000000d5b00000,0x00000000d5f7d4b8,0x00000000d5f80000)
  to   space 9216K, 0% used [0x00000000d6300000,0x00000000d6300000,0x00000000d6c00000)
 ParOldGen       total 583680K, used 583212K [0x0000000080000000, 0x00000000a3a00000, 0x00000000d5580000)
  object space 583680K, 99% used [0x0000000080000000,0x00000000a398b2b0,0x00000000a3a00000)
 Metaspace       used 57452K, committed 58624K, reserved 1114112K
  class space    used 6216K, committed 6784K, reserved 1048576K
}
Event: 27.252 GC heap after
{Heap after GC invocations=680 (full 2):
 PSYoungGen      total 8192K, used 3393K [0x00000000d5580000, 0x00000000d6680000, 0x0000000100000000)
  eden space 4608K, 0% used [0x00000000d5580000,0x00000000d5580000,0x00000000d5a00000)
  from space 3584K, 94% used [0x00000000d6300000,0x00000000d66506e0,0x00000000d6680000)
  to   space 5120K, 0% used [0x00000000d5c80000,0x00000000d5c80000,0x00000000d6180000)
 ParOldGen       total 587776K, used 587697K [0x0000000080000000, 0x00000000a3e00000, 0x00000000d5580000)
  object space 587776K, 99% used [0x0000000080000000,0x00000000a3dec768,0x00000000a3e00000)
 Metaspace       used 57452K, committed 58624K, reserved 1114112K
  class space    used 6216K, committed 6784K, reserved 1048576K
}

